{"level":"INFO","time":"2024-09-29T16:45:43.661+0800","caller":"logger/logger.go:34","msg":"init logger success"}
{"level":"INFO","time":"2024-09-29T17:01:10.284+0800","caller":"logger/logger.go:34","msg":"init logger success"}
{"level":"INFO","time":"2024-09-29T17:02:14.888+0800","caller":"logger/logger.go:34","msg":"init logger success"}
{"level":"INFO","time":"2024-09-29T17:46:01.873+0800","caller":"logger/logger.go:34","msg":"init logger success"}
{"level":"INFO","time":"2024-09-29T17:46:36.109+0800","caller":"logger/logger.go:34","msg":"init logger success"}
{"level":"INFO","time":"2024-09-29T17:46:54.493+0800","caller":"logger/logger.go:34","msg":"init logger success"}
{"level":"INFO","time":"2024-09-29T17:49:03.061+0800","caller":"logger/logger.go:34","msg":"init logger success"}
{"level":"INFO","time":"2024-09-29T17:51:41.894+0800","caller":"logger/logger.go:34","msg":"init logger success"}
{"level":"INFO","time":"2024-09-29T17:54:57.579+0800","caller":"logger/logger.go:34","msg":"init logger success"}
{"level":"INFO","time":"2024-09-29T17:55:44.220+0800","caller":"logger/logger.go:34","msg":"init logger success"}
{"level":"INFO","time":"2024-09-29T17:56:23.501+0800","caller":"logger/logger.go:34","msg":"init logger success"}
{"level":"INFO","time":"2024-09-29T17:58:11.508+0800","caller":"logger/logger.go:34","msg":"init logger success"}
{"level":"INFO","time":"2024-09-29T17:58:44.010+0800","caller":"logger/logger.go:34","msg":"init logger success"}
{"level":"INFO","time":"2024-09-29T17:59:14.822+0800","caller":"logger/logger.go:34","msg":"init logger success"}
{"level":"INFO","time":"2024-09-29T18:01:23.445+0800","caller":"logger/logger.go:34","msg":"init logger success"}
{"level":"INFO","time":"2024-09-29T21:53:16.861+0800","caller":"logger/logger.go:34","msg":"init logger success"}
{"level":"INFO","time":"2024-09-29T21:54:04.208+0800","caller":"logger/logger.go:34","msg":"init logger success"}
{"level":"INFO","time":"2024-09-29T22:05:28.062+0800","caller":"logger/logger.go:34","msg":"init logger success"}
{"level":"INFO","time":"2024-09-30T08:52:56.197+0800","caller":"logger/logger.go:34","msg":"init logger success"}
{"level":"INFO","time":"2024-09-30T08:53:14.445+0800","caller":"logger/logger.go:34","msg":"init logger success"}
{"level":"INFO","time":"2024-09-30T08:54:09.050+0800","caller":"logger/logger.go:34","msg":"init logger success"}
{"level":"INFO","time":"2024-09-30T09:07:16.146+0800","caller":"logger/logger.go:34","msg":"init logger success"}
{"level":"INFO","time":"2024-09-30T09:09:56.810+0800","caller":"logger/logger.go:34","msg":"init logger success"}
{"level":"INFO","time":"2024-09-30T09:10:08.127+0800","caller":"logger/logger.go:34","msg":"init logger success"}
{"level":"INFO","time":"2024-09-30T10:46:24.523+0800","caller":"logger/logger.go:34","msg":"init logger success"}
{"level":"INFO","time":"2024-09-30T11:02:17.791+0800","caller":"logger/logger.go:34","msg":"init logger success"}
{"level":"INFO","time":"2024-09-30T15:33:27.544+0800","caller":"logger/logger.go:34","msg":"init logger success"}
{"level":"INFO","time":"2024-09-30T15:35:03.643+0800","caller":"logger/logger.go:34","msg":"init logger success"}
{"level":"INFO","time":"2024-09-30T15:38:55.040+0800","caller":"logger/logger.go:34","msg":"init logger success"}
{"level":"INFO","time":"2024-10-04T22:33:19.047+0800","caller":"logger/logger.go:34","msg":"init logger success"}
{"level":"INFO","time":"2024-10-04T22:43:46.455+0800","caller":"logger/logger.go:34","msg":"init logger success"}
{"level":"INFO","time":"2024-10-04T22:46:51.577+0800","caller":"service/checkSystem.go:262","msg":"页面正常，000007环境检测正常"}
{"level":"INFO","time":"2024-10-04T22:46:51.765+0800","caller":"service/checkSystem.go:26","msg":"需要重试的商户号Resp:map[]"}
{"level":"INFO","time":"2024-10-04T22:46:51.765+0800","caller":"service/checkSystem.go:53","msg":"总共花费时间:10.2219785s"}
{"level":"INFO","time":"2024-10-04T22:46:51.765+0800","caller":"controller/checkSystem.go:67","msg":"service.CheckSystem success"}
{"level":"INFO","time":"2024-10-08T11:02:06.959+0800","caller":"logger/logger.go:34","msg":"init logger success"}
{"level":"INFO","time":"2024-10-08T11:04:08.807+0800","caller":"logger/logger.go:34","msg":"init logger success"}
{"level":"INFO","time":"2024-10-08T11:05:31.657+0800","caller":"service/checkSystem.go:262","msg":"页面正常，000007环境检测正常"}
{"level":"INFO","time":"2024-10-08T11:05:31.918+0800","caller":"service/checkSystem.go:26","msg":"需要重试的商户号Resp:map[]"}
{"level":"INFO","time":"2024-10-08T11:05:31.919+0800","caller":"service/checkSystem.go:53","msg":"总共花费时间:1m8.4894684s"}
{"level":"INFO","time":"2024-10-08T11:05:31.919+0800","caller":"controller/checkSystem.go:67","msg":"service.CheckSystem success"}
{"level":"INFO","time":"2024-10-08T11:05:58.900+0800","caller":"logger/logger.go:34","msg":"init logger success"}
{"level":"ERROR","time":"2024-10-08T11:06:12.590+0800","caller":"service/checkSystem.go:213","msg":"未找到 业务单据状态查询元素，或businessDocLink值为nil 000007"}
{"level":"INFO","time":"2024-10-08T11:06:12.807+0800","caller":"service/checkSystem.go:27","msg":"需要重试的商户号Resp:map[000007:未找到 业务单据状态查询元素，或businessDocLink值为nil]"}
{"level":"ERROR","time":"2024-10-08T11:06:23.665+0800","caller":"service/checkSystem.go:213","msg":"未找到 业务单据状态查询元素，或businessDocLink值为nil 000007"}
{"level":"ERROR","time":"2024-10-08T11:06:27.028+0800","caller":"service/checkSystem.go:122","msg":"无法点击登录按钮 000007:target frame detached: target frame detached: received Inspector.detached event\n  (failed to check if window was closed: disconnected: Unable to receive message from renderer)\n  (Session info: chrome=129.0.6668.90)"}
{"level":"INFO","time":"2024-10-08T11:07:16.560+0800","caller":"logger/logger.go:34","msg":"init logger success"}
{"level":"INFO","time":"2024-10-08T11:07:30.462+0800","caller":"service/checkSystem.go:263","msg":"页面正常，000007环境检测正常"}
{"level":"INFO","time":"2024-10-08T11:07:30.626+0800","caller":"service/checkSystem.go:27","msg":"需要重试的商户号Resp:map[]"}
{"level":"INFO","time":"2024-10-08T11:07:30.626+0800","caller":"service/checkSystem.go:54","msg":"总共花费时间:7.9976182s"}
{"level":"INFO","time":"2024-10-08T11:07:30.626+0800","caller":"controller/checkSystem.go:67","msg":"service.CheckSystem success"}
{"level":"INFO","time":"2024-10-08T11:25:07.807+0800","caller":"logger/logger.go:34","msg":"init logger success"}
{"level":"INFO","time":"2024-10-08T11:58:21.465+0800","caller":"logger/logger.go:34","msg":"init logger success"}
{"level":"INFO","time":"2024-10-08T11:58:34.236+0800","caller":"service/checkSystem.go:263","msg":"页面正常，000007环境检测正常"}
{"level":"INFO","time":"2024-10-08T11:58:34.427+0800","caller":"service/checkSystem.go:27","msg":"需要重试的商户号Resp:map[]"}
{"level":"INFO","time":"2024-10-08T11:58:34.427+0800","caller":"service/checkSystem.go:54","msg":"总共花费时间:9.225445s"}
{"level":"INFO","time":"2024-10-08T11:58:34.428+0800","caller":"controller/checkSystem.go:67","msg":"service.CheckSystem success"}
{"level":"INFO","time":"2024-10-15T17:02:48.925+0800","caller":"logger/logger.go:34","msg":"init logger success"}
{"level":"INFO","time":"2024-10-15T17:04:13.159+0800","caller":"logger/logger.go:34","msg":"init logger success"}
{"level":"ERROR","time":"2024-10-15T17:08:30.553+0800","caller":"controller/erp.go:49","msg":"ErpErrorCountHandler invalid param"}
{"level":"INFO","time":"2024-10-15T17:09:23.486+0800","caller":"logger/logger.go:34","msg":"init logger success"}
{"level":"ERROR","time":"2024-10-15T17:09:31.931+0800","caller":"controller/erp.go:49","msg":"ErpErrorCountHandler invalid param"}
{"level":"INFO","time":"2024-10-15T17:14:13.793+0800","caller":"logger/logger.go:34","msg":"init logger success"}
{"level":"INFO","time":"2024-10-15T17:14:44.135+0800","caller":"logger/logger.go:34","msg":"init logger success"}
{"level":"INFO","time":"2024-10-15T17:16:08.150+0800","caller":"logger/logger.go:34","msg":"init logger success"}
{"level":"INFO","time":"2024-10-15T17:17:46.335+0800","caller":"logger/logger.go:34","msg":"init logger success"}
{"level":"INFO","time":"2024-10-16T16:04:33.784+0800","caller":"logger/logger.go:34","msg":"init logger success"}
{"level":"INFO","time":"2024-10-16T16:24:44.764+0800","caller":"logger/logger.go:34","msg":"init logger success"}
{"level":"INFO","time":"2024-10-16T16:28:24.417+0800","caller":"logger/logger.go:34","msg":"init logger success"}
{"level":"INFO","time":"2024-10-16T16:29:12.800+0800","caller":"service/listing.go:104","msg":"没有找到系统提醒框，继续下一次查找:no such element: no such element: Unable to locate element: {\"method\":\"css selector\",\"selector\":\"#messageWinBtn\"}\n  (Session info: chrome=129.0.6668.101)"}
{"level":"ERROR","time":"2024-10-16T16:29:19.033+0800","caller":"service/listing.go:98","msg":"无法点击系统提醒框关闭按钮:<nil>"}
{"level":"ERROR","time":"2024-10-16T16:29:19.299+0800","caller":"service/listing.go:19","msg":"autoCheckListing返回error,执行第1次检测,err:element not interactable: element not interactable\n  (Session info: chrome=129.0.6668.101)"}
{"level":"INFO","time":"2024-10-16T16:29:22.605+0800","caller":"service/listing.go:104","msg":"没有找到系统提醒框，继续下一次查找:no such element: no such element: Unable to locate element: {\"method\":\"css selector\",\"selector\":\"#messageWinBtn\"}\n  (Session info: chrome=129.0.6668.101)"}
{"level":"ERROR","time":"2024-10-16T16:29:24.105+0800","caller":"service/listing.go:98","msg":"无法点击系统提醒框关闭按钮:<nil>"}
{"level":"ERROR","time":"2024-10-16T16:29:24.288+0800","caller":"service/listing.go:19","msg":"autoCheckListing返回error,执行第2次检测,err:element not interactable: element not interactable\n  (Session info: chrome=129.0.6668.101)"}
{"level":"INFO","time":"2024-10-16T16:29:27.763+0800","caller":"service/listing.go:104","msg":"没有找到系统提醒框，继续下一次查找:no such element: no such element: Unable to locate element: {\"method\":\"css selector\",\"selector\":\"#messageWinBtn\"}\n  (Session info: chrome=129.0.6668.101)"}
{"level":"ERROR","time":"2024-10-16T16:29:29.695+0800","caller":"service/listing.go:98","msg":"无法点击系统提醒框关闭按钮:<nil>"}
{"level":"ERROR","time":"2024-10-16T16:29:29.946+0800","caller":"service/listing.go:19","msg":"autoCheckListing返回error,执行第3次检测,err:element not interactable: element not interactable\n  (Session info: chrome=129.0.6668.101)"}
{"level":"INFO","time":"2024-10-16T16:29:33.270+0800","caller":"service/listing.go:104","msg":"没有找到系统提醒框，继续下一次查找:no such element: no such element: Unable to locate element: {\"method\":\"css selector\",\"selector\":\"#messageWinBtn\"}\n  (Session info: chrome=129.0.6668.101)"}
{"level":"ERROR","time":"2024-10-16T16:29:34.839+0800","caller":"service/listing.go:98","msg":"无法点击系统提醒框关闭按钮:<nil>"}
{"level":"ERROR","time":"2024-10-16T16:29:35.106+0800","caller":"service/listing.go:19","msg":"autoCheckListing返回error,执行第4次检测,err:element not interactable: element not interactable\n  (Session info: chrome=129.0.6668.101)"}
{"level":"INFO","time":"2024-10-16T16:29:38.206+0800","caller":"service/listing.go:104","msg":"没有找到系统提醒框，继续下一次查找:no such element: no such element: Unable to locate element: {\"method\":\"css selector\",\"selector\":\"#messageWinBtn\"}\n  (Session info: chrome=129.0.6668.101)"}
{"level":"ERROR","time":"2024-10-16T16:29:43.674+0800","caller":"service/listing.go:98","msg":"无法点击系统提醒框关闭按钮:<nil>"}
{"level":"ERROR","time":"2024-10-16T16:29:43.888+0800","caller":"service/listing.go:19","msg":"autoCheckListing返回error,执行第5次检测,err:element not interactable: element not interactable\n  (Session info: chrome=129.0.6668.101)"}
{"level":"INFO","time":"2024-10-16T16:29:47.105+0800","caller":"service/listing.go:104","msg":"没有找到系统提醒框，继续下一次查找:no such element: no such element: Unable to locate element: {\"method\":\"css selector\",\"selector\":\"#messageWinBtn\"}\n  (Session info: chrome=129.0.6668.101)"}
{"level":"ERROR","time":"2024-10-16T16:29:51.421+0800","caller":"service/listing.go:98","msg":"无法点击系统提醒框关闭按钮:<nil>"}
{"level":"ERROR","time":"2024-10-16T16:29:51.633+0800","caller":"service/listing.go:19","msg":"autoCheckListing返回error,执行第6次检测,err:element not interactable: element not interactable\n  (Session info: chrome=129.0.6668.101)"}
{"level":"INFO","time":"2024-10-16T16:29:55.033+0800","caller":"service/listing.go:104","msg":"没有找到系统提醒框，继续下一次查找:no such element: no such element: Unable to locate element: {\"method\":\"css selector\",\"selector\":\"#messageWinBtn\"}\n  (Session info: chrome=129.0.6668.101)"}
{"level":"ERROR","time":"2024-10-16T16:30:02.045+0800","caller":"service/listing.go:98","msg":"无法点击系统提醒框关闭按钮:<nil>"}
{"level":"ERROR","time":"2024-10-16T16:30:02.297+0800","caller":"service/listing.go:19","msg":"autoCheckListing返回error,执行第7次检测,err:element not interactable: element not interactable\n  (Session info: chrome=129.0.6668.101)"}
{"level":"INFO","time":"2024-10-16T16:30:05.582+0800","caller":"service/listing.go:104","msg":"没有找到系统提醒框，继续下一次查找:no such element: no such element: Unable to locate element: {\"method\":\"css selector\",\"selector\":\"#messageWinBtn\"}\n  (Session info: chrome=129.0.6668.101)"}
{"level":"ERROR","time":"2024-10-16T16:30:14.837+0800","caller":"service/listing.go:98","msg":"无法点击系统提醒框关闭按钮:<nil>"}
{"level":"ERROR","time":"2024-10-16T16:30:15.019+0800","caller":"service/listing.go:19","msg":"autoCheckListing返回error,执行第8次检测,err:element not interactable: element not interactable\n  (Session info: chrome=129.0.6668.101)"}
{"level":"INFO","time":"2024-10-16T16:30:18.538+0800","caller":"service/listing.go:104","msg":"没有找到系统提醒框，继续下一次查找:no such element: no such element: Unable to locate element: {\"method\":\"css selector\",\"selector\":\"#messageWinBtn\"}\n  (Session info: chrome=129.0.6668.101)"}
{"level":"INFO","time":"2024-10-16T16:35:33.633+0800","caller":"logger/logger.go:34","msg":"init logger success"}
{"level":"INFO","time":"2024-10-16T16:40:30.354+0800","caller":"logger/logger.go:34","msg":"init logger success"}
{"level":"INFO","time":"2024-10-16T16:40:57.553+0800","caller":"logger/logger.go:34","msg":"init logger success"}
{"level":"ERROR","time":"2024-10-16T16:41:04.415+0800","caller":"service/listing.go:52","msg":"无法导航到网页:unknown error: unknown error: net::ERR_SSL_PROTOCOL_ERROR\n  (Session info: chrome=129.0.6668.101)"}
{"level":"ERROR","time":"2024-10-16T16:41:04.594+0800","caller":"service/listing.go:19","msg":"autoCheckListing返回error,执行第1次检测,err:unknown error: unknown error: net::ERR_SSL_PROTOCOL_ERROR\n  (Session info: chrome=129.0.6668.101)"}
{"level":"ERROR","time":"2024-10-16T16:41:07.763+0800","caller":"service/listing.go:58","msg":"无法找到用户名输入框:no such window: no such window: target window already closed\nfrom unknown error: web view not found\n  (Session info: chrome=129.0.6668.101)"}
{"level":"ERROR","time":"2024-10-16T16:41:07.899+0800","caller":"service/listing.go:19","msg":"autoCheckListing返回error,执行第2次检测,err:no such window: no such window: target window already closed\nfrom unknown error: web view not found\n  (Session info: chrome=129.0.6668.101)"}
{"level":"INFO","time":"2024-10-16T16:41:23.136+0800","caller":"logger/logger.go:34","msg":"init logger success"}
{"level":"INFO","time":"2024-10-16T16:41:48.511+0800","caller":"logger/logger.go:34","msg":"init logger success"}
{"level":"ERROR","time":"2024-10-16T16:43:22.989+0800","caller":"service/listing.go:98","msg":"无法点击系统提醒框关闭按钮:<nil>"}
{"level":"INFO","time":"2024-10-16T17:15:20.020+0800","caller":"logger/logger.go:34","msg":"init logger success"}
{"level":"INFO","time":"2024-10-16T17:15:50.051+0800","caller":"logger/logger.go:34","msg":"init logger success"}
{"level":"INFO","time":"2024-10-16T17:17:47.422+0800","caller":"logger/logger.go:34","msg":"init logger success"}
{"level":"INFO","time":"2024-10-16T17:19:35.497+0800","caller":"service/listing.go:107","msg":"没有找到系统提醒框，继续下一次查找:no such element: no such element: Unable to locate element: {\"method\":\"css selector\",\"selector\":\"#messageWinBtn\"}\n  (Session info: chrome=129.0.6668.101)"}
{"level":"INFO","time":"2024-10-16T17:19:39.754+0800","caller":"service/listing.go:107","msg":"没有找到系统提醒框，继续下一次查找:no such element: no such element: Unable to locate element: {\"method\":\"css selector\",\"selector\":\"#messageWinBtn\"}\n  (Session info: chrome=129.0.6668.101)"}
{"level":"INFO","time":"2024-10-16T17:19:41.537+0800","caller":"service/listing.go:107","msg":"没有找到系统提醒框，继续下一次查找:no such element: no such element: Unable to locate element: {\"method\":\"css selector\",\"selector\":\"#messageWinBtn\"}\n  (Session info: chrome=129.0.6668.101)"}
{"level":"INFO","time":"2024-10-16T17:19:43.274+0800","caller":"service/listing.go:107","msg":"没有找到系统提醒框，继续下一次查找:no such element: no such element: Unable to locate element: {\"method\":\"css selector\",\"selector\":\"#messageWinBtn\"}\n  (Session info: chrome=129.0.6668.101)"}
{"level":"INFO","time":"2024-10-16T17:19:46.424+0800","caller":"service/listing.go:107","msg":"没有找到系统提醒框，继续下一次查找:no such element: no such element: Unable to locate element: {\"method\":\"css selector\",\"selector\":\"#messageWinBtn\"}\n  (Session info: chrome=129.0.6668.101)"}
{"level":"INFO","time":"2024-10-16T17:19:46.935+0800","caller":"service/listing.go:111","msg":"没有系统提示框"}
{"level":"INFO","time":"2024-10-16T17:19:47.056+0800","caller":"service/listing.go:133","msg":"没有外层公告框"}
{"level":"INFO","time":"2024-10-16T17:19:47.067+0800","caller":"service/listing.go:151","msg":"没有找到内层对话框容器元素，继续下一次查找:no such element: no such element: Unable to locate element: {\"method\":\"css selector\",\"selector\":\"div.panel.window[style*='display: block']\"}\n  (Session info: chrome=129.0.6668.101)"}
{"level":"INFO","time":"2024-10-16T17:19:47.583+0800","caller":"service/listing.go:151","msg":"没有找到内层对话框容器元素，继续下一次查找:no such element: no such element: Unable to locate element: {\"method\":\"css selector\",\"selector\":\"div.panel.window[style*='display: block']\"}\n  (Session info: chrome=129.0.6668.101)"}
{"level":"INFO","time":"2024-10-16T17:19:48.112+0800","caller":"service/listing.go:151","msg":"没有找到内层对话框容器元素，继续下一次查找:no such element: no such element: Unable to locate element: {\"method\":\"css selector\",\"selector\":\"div.panel.window[style*='display: block']\"}\n  (Session info: chrome=129.0.6668.101)"}
{"level":"INFO","time":"2024-10-16T17:19:48.648+0800","caller":"service/listing.go:151","msg":"没有找到内层对话框容器元素，继续下一次查找:no such element: no such element: Unable to locate element: {\"method\":\"css selector\",\"selector\":\"div.panel.window[style*='display: block']\"}\n  (Session info: chrome=129.0.6668.101)"}
{"level":"INFO","time":"2024-10-16T17:19:49.189+0800","caller":"service/listing.go:151","msg":"没有找到内层对话框容器元素，继续下一次查找:no such element: no such element: Unable to locate element: {\"method\":\"css selector\",\"selector\":\"div.panel.window[style*='display: block']\"}\n  (Session info: chrome=129.0.6668.101)"}
{"level":"INFO","time":"2024-10-16T17:19:49.703+0800","caller":"service/listing.go:155","msg":"没有内层公告框"}
{"level":"INFO","time":"2024-10-16T17:20:07.953+0800","caller":"service/listing.go:274","msg":"找到closeButtonFlag元素"}
{"level":"INFO","time":"2024-10-16T17:20:08.532+0800","caller":"service/listing.go:287","msg":"无法点击关闭不再提示按钮,尝试第1次关闭"}
{"level":"INFO","time":"2024-10-16T17:20:14.241+0800","caller":"service/listing.go:323","msg":"保存成功"}
{"level":"INFO","time":"2024-10-16T17:20:15.276+0800","caller":"controller/sendWeChat.go:29","msg":"service.SendWeChatAlert success"}
{"level":"INFO","time":"2024-10-16T17:20:44.482+0800","caller":"logger/logger.go:34","msg":"init logger success"}
{"level":"INFO","time":"2024-10-16T17:24:33.499+0800","caller":"logger/logger.go:34","msg":"init logger success"}
{"level":"INFO","time":"2024-10-16T17:24:44.691+0800","caller":"service/listing.go:107","msg":"没有找到系统提醒框，继续下一次查找:no such element: no such element: Unable to locate element: {\"method\":\"css selector\",\"selector\":\"div.panel.window[style*='display: block']\"}\n  (Session info: chrome=129.0.6668.101)"}
{"level":"INFO","time":"2024-10-16T17:24:46.054+0800","caller":"service/listing.go:107","msg":"没有找到系统提醒框，继续下一次查找:no such element: no such element: Unable to locate element: {\"method\":\"css selector\",\"selector\":\"#messageWinBtn\"}\n  (Session info: chrome=129.0.6668.101)"}
{"level":"INFO","time":"2024-10-16T17:24:46.601+0800","caller":"service/listing.go:107","msg":"没有找到系统提醒框，继续下一次查找:no such element: no such element: Unable to locate element: {\"method\":\"css selector\",\"selector\":\"#messageWinBtn\"}\n  (Session info: chrome=129.0.6668.101)"}
{"level":"INFO","time":"2024-10-16T17:24:47.183+0800","caller":"service/listing.go:107","msg":"没有找到系统提醒框，继续下一次查找:no such element: no such element: Unable to locate element: {\"method\":\"css selector\",\"selector\":\"#messageWinBtn\"}\n  (Session info: chrome=129.0.6668.101)"}
{"level":"INFO","time":"2024-10-16T17:24:47.730+0800","caller":"service/listing.go:107","msg":"没有找到系统提醒框，继续下一次查找:no such element: no such element: Unable to locate element: {\"method\":\"css selector\",\"selector\":\"#messageWinBtn\"}\n  (Session info: chrome=129.0.6668.101)"}
{"level":"INFO","time":"2024-10-16T17:24:48.237+0800","caller":"service/listing.go:111","msg":"没有系统提示框"}
{"level":"INFO","time":"2024-10-16T17:24:48.401+0800","caller":"service/listing.go:133","msg":"没有外层公告框"}
{"level":"INFO","time":"2024-10-16T17:24:48.411+0800","caller":"service/listing.go:151","msg":"没有找到内层对话框容器元素，继续下一次查找:no such element: no such element: Unable to locate element: {\"method\":\"css selector\",\"selector\":\"div.panel.window[style*='display: block']\"}\n  (Session info: chrome=129.0.6668.101)"}
{"level":"INFO","time":"2024-10-16T17:24:48.928+0800","caller":"service/listing.go:151","msg":"没有找到内层对话框容器元素，继续下一次查找:no such element: no such element: Unable to locate element: {\"method\":\"css selector\",\"selector\":\"div.panel.window[style*='display: block']\"}\n  (Session info: chrome=129.0.6668.101)"}
{"level":"INFO","time":"2024-10-16T17:24:49.465+0800","caller":"service/listing.go:151","msg":"没有找到内层对话框容器元素，继续下一次查找:no such element: no such element: Unable to locate element: {\"method\":\"css selector\",\"selector\":\"div.panel.window[style*='display: block']\"}\n  (Session info: chrome=129.0.6668.101)"}
{"level":"INFO","time":"2024-10-16T17:24:50.003+0800","caller":"service/listing.go:151","msg":"没有找到内层对话框容器元素，继续下一次查找:no such element: no such element: Unable to locate element: {\"method\":\"css selector\",\"selector\":\"div.panel.window[style*='display: block']\"}\n  (Session info: chrome=129.0.6668.101)"}
{"level":"INFO","time":"2024-10-16T17:24:50.523+0800","caller":"service/listing.go:151","msg":"没有找到内层对话框容器元素，继续下一次查找:no such element: no such element: Unable to locate element: {\"method\":\"css selector\",\"selector\":\"div.panel.window[style*='display: block']\"}\n  (Session info: chrome=129.0.6668.101)"}
{"level":"INFO","time":"2024-10-16T17:24:51.033+0800","caller":"service/listing.go:155","msg":"没有内层公告框"}
{"level":"INFO","time":"2024-10-16T17:25:10.072+0800","caller":"service/listing.go:274","msg":"找到closeButtonFlag元素"}
{"level":"INFO","time":"2024-10-16T17:25:11.185+0800","caller":"service/listing.go:323","msg":"保存成功"}
{"level":"INFO","time":"2024-10-16T17:25:12.281+0800","caller":"controller/sendWeChat.go:29","msg":"service.SendWeChatAlert success"}
{"level":"INFO","time":"2024-10-16T17:26:05.433+0800","caller":"service/listing.go:107","msg":"没有找到系统提醒框，继续下一次查找:no such element: no such element: Unable to locate element: {\"method\":\"css selector\",\"selector\":\"div.panel.window[style*='display: block']\"}\n  (Session info: chrome=129.0.6668.101)"}
{"level":"INFO","time":"2024-10-16T17:26:06.985+0800","caller":"service/listing.go:111","msg":"没有系统提示框"}
{"level":"INFO","time":"2024-10-16T17:26:06.991+0800","caller":"service/listing.go:129","msg":"没有找到外层对话框容器元素，继续下一次查找:no such element: no such element: Unable to locate element: {\"method\":\"css selector\",\"selector\":\"div.panel.window[style*='display: block']\"}\n  (Session info: chrome=129.0.6668.101)"}
{"level":"INFO","time":"2024-10-16T17:26:07.517+0800","caller":"service/listing.go:129","msg":"没有找到外层对话框容器元素，继续下一次查找:no such element: no such element: Unable to locate element: {\"method\":\"css selector\",\"selector\":\"div.panel.window[style*='display: block']\"}\n  (Session info: chrome=129.0.6668.101)"}
{"level":"INFO","time":"2024-10-16T17:26:08.034+0800","caller":"service/listing.go:129","msg":"没有找到外层对话框容器元素，继续下一次查找:no such element: no such element: Unable to locate element: {\"method\":\"css selector\",\"selector\":\"div.panel.window[style*='display: block']\"}\n  (Session info: chrome=129.0.6668.101)"}
{"level":"INFO","time":"2024-10-16T17:26:08.569+0800","caller":"service/listing.go:129","msg":"没有找到外层对话框容器元素，继续下一次查找:no such element: no such element: Unable to locate element: {\"method\":\"css selector\",\"selector\":\"div.panel.window[style*='display: block']\"}\n  (Session info: chrome=129.0.6668.101)"}
{"level":"INFO","time":"2024-10-16T17:26:09.097+0800","caller":"service/listing.go:129","msg":"没有找到外层对话框容器元素，继续下一次查找:no such element: no such element: Unable to locate element: {\"method\":\"css selector\",\"selector\":\"div.panel.window[style*='display: block']\"}\n  (Session info: chrome=129.0.6668.101)"}
{"level":"INFO","time":"2024-10-16T17:26:09.612+0800","caller":"service/listing.go:129","msg":"没有找到外层对话框容器元素，继续下一次查找:no such element: no such element: Unable to locate element: {\"method\":\"css selector\",\"selector\":\"div.panel.window[style*='display: block']\"}\n  (Session info: chrome=129.0.6668.101)"}
{"level":"INFO","time":"2024-10-16T17:26:10.143+0800","caller":"service/listing.go:129","msg":"没有找到外层对话框容器元素，继续下一次查找:no such element: no such element: Unable to locate element: {\"method\":\"css selector\",\"selector\":\"div.panel.window[style*='display: block']\"}\n  (Session info: chrome=129.0.6668.101)"}
{"level":"INFO","time":"2024-10-16T17:26:10.683+0800","caller":"service/listing.go:129","msg":"没有找到外层对话框容器元素，继续下一次查找:no such element: no such element: Unable to locate element: {\"method\":\"css selector\",\"selector\":\"div.panel.window[style*='display: block']\"}\n  (Session info: chrome=129.0.6668.101)"}
{"level":"INFO","time":"2024-10-16T17:26:11.207+0800","caller":"service/listing.go:129","msg":"没有找到外层对话框容器元素，继续下一次查找:no such element: no such element: Unable to locate element: {\"method\":\"css selector\",\"selector\":\"div.panel.window[style*='display: block']\"}\n  (Session info: chrome=129.0.6668.101)"}
{"level":"INFO","time":"2024-10-16T17:26:11.727+0800","caller":"service/listing.go:129","msg":"没有找到外层对话框容器元素，继续下一次查找:no such element: no such element: Unable to locate element: {\"method\":\"css selector\",\"selector\":\"div.panel.window[style*='display: block']\"}\n  (Session info: chrome=129.0.6668.101)"}
{"level":"INFO","time":"2024-10-16T17:26:12.251+0800","caller":"service/listing.go:129","msg":"没有找到外层对话框容器元素，继续下一次查找:no such element: no such element: Unable to locate element: {\"method\":\"css selector\",\"selector\":\"div.panel.window[style*='display: block']\"}\n  (Session info: chrome=129.0.6668.101)"}
{"level":"INFO","time":"2024-10-16T17:26:12.787+0800","caller":"service/listing.go:129","msg":"没有找到外层对话框容器元素，继续下一次查找:no such element: no such element: Unable to locate element: {\"method\":\"css selector\",\"selector\":\"div.panel.window[style*='display: block']\"}\n  (Session info: chrome=129.0.6668.101)"}
{"level":"INFO","time":"2024-10-16T17:26:13.326+0800","caller":"service/listing.go:129","msg":"没有找到外层对话框容器元素，继续下一次查找:no such element: no such element: Unable to locate element: {\"method\":\"css selector\",\"selector\":\"div.panel.window[style*='display: block']\"}\n  (Session info: chrome=129.0.6668.101)"}
{"level":"INFO","time":"2024-10-16T17:26:13.852+0800","caller":"service/listing.go:129","msg":"没有找到外层对话框容器元素，继续下一次查找:no such element: no such element: Unable to locate element: {\"method\":\"css selector\",\"selector\":\"div.panel.window[style*='display: block']\"}\n  (Session info: chrome=129.0.6668.101)"}
{"level":"INFO","time":"2024-10-16T17:26:14.378+0800","caller":"service/listing.go:129","msg":"没有找到外层对话框容器元素，继续下一次查找:no such element: no such element: Unable to locate element: {\"method\":\"css selector\",\"selector\":\"div.panel.window[style*='display: block']\"}\n  (Session info: chrome=129.0.6668.101)"}
{"level":"INFO","time":"2024-10-16T17:26:14.893+0800","caller":"service/listing.go:129","msg":"没有找到外层对话框容器元素，继续下一次查找:no such element: no such element: Unable to locate element: {\"method\":\"css selector\",\"selector\":\"div.panel.window[style*='display: block']\"}\n  (Session info: chrome=129.0.6668.101)"}
{"level":"INFO","time":"2024-10-16T17:26:15.407+0800","caller":"service/listing.go:129","msg":"没有找到外层对话框容器元素，继续下一次查找:no such element: no such element: Unable to locate element: {\"method\":\"css selector\",\"selector\":\"div.panel.window[style*='display: block']\"}\n  (Session info: chrome=129.0.6668.101)"}
{"level":"INFO","time":"2024-10-16T17:26:15.937+0800","caller":"service/listing.go:129","msg":"没有找到外层对话框容器元素，继续下一次查找:no such element: no such element: Unable to locate element: {\"method\":\"css selector\",\"selector\":\"div.panel.window[style*='display: block']\"}\n  (Session info: chrome=129.0.6668.101)"}
{"level":"INFO","time":"2024-10-16T17:26:16.453+0800","caller":"service/listing.go:129","msg":"没有找到外层对话框容器元素，继续下一次查找:no such element: no such element: Unable to locate element: {\"method\":\"css selector\",\"selector\":\"div.panel.window[style*='display: block']\"}\n  (Session info: chrome=129.0.6668.101)"}
{"level":"INFO","time":"2024-10-16T17:26:16.973+0800","caller":"service/listing.go:129","msg":"没有找到外层对话框容器元素，继续下一次查找:no such element: no such element: Unable to locate element: {\"method\":\"css selector\",\"selector\":\"div.panel.window[style*='display: block']\"}\n  (Session info: chrome=129.0.6668.101)"}
{"level":"INFO","time":"2024-10-16T17:26:17.480+0800","caller":"service/listing.go:133","msg":"没有外层公告框"}
{"level":"INFO","time":"2024-10-16T17:26:17.506+0800","caller":"service/listing.go:151","msg":"没有找到内层对话框容器元素，继续下一次查找:no such element: no such element: Unable to locate element: {\"method\":\"css selector\",\"selector\":\"div.panel.window[style*='display: block']\"}\n  (Session info: chrome=129.0.6668.101)"}
{"level":"INFO","time":"2024-10-16T17:26:18.035+0800","caller":"service/listing.go:151","msg":"没有找到内层对话框容器元素，继续下一次查找:no such element: no such element: Unable to locate element: {\"method\":\"css selector\",\"selector\":\"div.panel.window[style*='display: block']\"}\n  (Session info: chrome=129.0.6668.101)"}
{"level":"INFO","time":"2024-10-16T17:26:18.568+0800","caller":"service/listing.go:151","msg":"没有找到内层对话框容器元素，继续下一次查找:no such element: no such element: Unable to locate element: {\"method\":\"css selector\",\"selector\":\"div.panel.window[style*='display: block']\"}\n  (Session info: chrome=129.0.6668.101)"}
{"level":"INFO","time":"2024-10-16T17:26:19.079+0800","caller":"service/listing.go:151","msg":"没有找到内层对话框容器元素，继续下一次查找:no such element: no such element: Unable to locate element: {\"method\":\"css selector\",\"selector\":\"div.panel.window[style*='display: block']\"}\n  (Session info: chrome=129.0.6668.101)"}
{"level":"INFO","time":"2024-10-16T17:26:19.589+0800","caller":"service/listing.go:151","msg":"没有找到内层对话框容器元素，继续下一次查找:no such element: no such element: Unable to locate element: {\"method\":\"css selector\",\"selector\":\"div.panel.window[style*='display: block']\"}\n  (Session info: chrome=129.0.6668.101)"}
{"level":"INFO","time":"2024-10-16T17:26:20.098+0800","caller":"service/listing.go:155","msg":"没有内层公告框"}
{"level":"INFO","time":"2024-10-16T17:26:37.800+0800","caller":"service/listing.go:274","msg":"找到closeButtonFlag元素"}
{"level":"INFO","time":"2024-10-16T17:26:38.653+0800","caller":"service/listing.go:323","msg":"保存成功"}
{"level":"INFO","time":"2024-10-16T17:26:39.313+0800","caller":"controller/sendWeChat.go:29","msg":"service.SendWeChatAlert success"}
{"level":"INFO","time":"2024-10-16T17:27:29.752+0800","caller":"service/listing.go:107","msg":"没有找到系统提醒框，继续下一次查找:no such element: no such element: Unable to locate element: {\"method\":\"css selector\",\"selector\":\"div.panel.window[style*='display: block']\"}\n  (Session info: chrome=129.0.6668.101)"}
{"level":"INFO","time":"2024-10-16T17:27:31.219+0800","caller":"service/listing.go:111","msg":"没有系统提示框"}
{"level":"INFO","time":"2024-10-16T17:27:31.231+0800","caller":"service/listing.go:129","msg":"没有找到外层对话框容器元素，继续下一次查找:no such element: no such element: Unable to locate element: {\"method\":\"css selector\",\"selector\":\"div.panel.window[style*='display: block']\"}\n  (Session info: chrome=129.0.6668.101)"}
{"level":"INFO","time":"2024-10-16T17:27:31.764+0800","caller":"service/listing.go:129","msg":"没有找到外层对话框容器元素，继续下一次查找:no such element: no such element: Unable to locate element: {\"method\":\"css selector\",\"selector\":\"div.panel.window[style*='display: block']\"}\n  (Session info: chrome=129.0.6668.101)"}
{"level":"INFO","time":"2024-10-16T17:27:32.290+0800","caller":"service/listing.go:129","msg":"没有找到外层对话框容器元素，继续下一次查找:no such element: no such element: Unable to locate element: {\"method\":\"css selector\",\"selector\":\"div.panel.window[style*='display: block']\"}\n  (Session info: chrome=129.0.6668.101)"}
{"level":"INFO","time":"2024-10-16T17:27:32.816+0800","caller":"service/listing.go:129","msg":"没有找到外层对话框容器元素，继续下一次查找:no such element: no such element: Unable to locate element: {\"method\":\"css selector\",\"selector\":\"div.panel.window[style*='display: block']\"}\n  (Session info: chrome=129.0.6668.101)"}
{"level":"INFO","time":"2024-10-16T17:27:33.345+0800","caller":"service/listing.go:129","msg":"没有找到外层对话框容器元素，继续下一次查找:no such element: no such element: Unable to locate element: {\"method\":\"css selector\",\"selector\":\"div.panel.window[style*='display: block']\"}\n  (Session info: chrome=129.0.6668.101)"}
{"level":"INFO","time":"2024-10-16T17:27:33.864+0800","caller":"service/listing.go:129","msg":"没有找到外层对话框容器元素，继续下一次查找:no such element: no such element: Unable to locate element: {\"method\":\"css selector\",\"selector\":\"div.panel.window[style*='display: block']\"}\n  (Session info: chrome=129.0.6668.101)"}
{"level":"INFO","time":"2024-10-16T17:27:34.393+0800","caller":"service/listing.go:129","msg":"没有找到外层对话框容器元素，继续下一次查找:no such element: no such element: Unable to locate element: {\"method\":\"css selector\",\"selector\":\"div.panel.window[style*='display: block']\"}\n  (Session info: chrome=129.0.6668.101)"}
{"level":"INFO","time":"2024-10-16T17:27:34.928+0800","caller":"service/listing.go:129","msg":"没有找到外层对话框容器元素，继续下一次查找:no such element: no such element: Unable to locate element: {\"method\":\"css selector\",\"selector\":\"div.panel.window[style*='display: block']\"}\n  (Session info: chrome=129.0.6668.101)"}
{"level":"INFO","time":"2024-10-16T17:27:35.480+0800","caller":"service/listing.go:129","msg":"没有找到外层对话框容器元素，继续下一次查找:no such element: no such element: Unable to locate element: {\"method\":\"css selector\",\"selector\":\"div.panel.window[style*='display: block']\"}\n  (Session info: chrome=129.0.6668.101)"}
{"level":"INFO","time":"2024-10-16T17:27:36.010+0800","caller":"service/listing.go:129","msg":"没有找到外层对话框容器元素，继续下一次查找:no such element: no such element: Unable to locate element: {\"method\":\"css selector\",\"selector\":\"div.panel.window[style*='display: block']\"}\n  (Session info: chrome=129.0.6668.101)"}
{"level":"INFO","time":"2024-10-16T17:27:36.550+0800","caller":"service/listing.go:129","msg":"没有找到外层对话框容器元素，继续下一次查找:no such element: no such element: Unable to locate element: {\"method\":\"css selector\",\"selector\":\"div.panel.window[style*='display: block']\"}\n  (Session info: chrome=129.0.6668.101)"}
{"level":"INFO","time":"2024-10-16T17:27:37.077+0800","caller":"service/listing.go:129","msg":"没有找到外层对话框容器元素，继续下一次查找:no such element: no such element: Unable to locate element: {\"method\":\"css selector\",\"selector\":\"div.panel.window[style*='display: block']\"}\n  (Session info: chrome=129.0.6668.101)"}
{"level":"INFO","time":"2024-10-16T17:27:37.608+0800","caller":"service/listing.go:129","msg":"没有找到外层对话框容器元素，继续下一次查找:no such element: no such element: Unable to locate element: {\"method\":\"css selector\",\"selector\":\"div.panel.window[style*='display: block']\"}\n  (Session info: chrome=129.0.6668.101)"}
{"level":"INFO","time":"2024-10-16T17:27:38.145+0800","caller":"service/listing.go:129","msg":"没有找到外层对话框容器元素，继续下一次查找:no such element: no such element: Unable to locate element: {\"method\":\"css selector\",\"selector\":\"div.panel.window[style*='display: block']\"}\n  (Session info: chrome=129.0.6668.101)"}
{"level":"INFO","time":"2024-10-16T17:27:38.676+0800","caller":"service/listing.go:129","msg":"没有找到外层对话框容器元素，继续下一次查找:no such element: no such element: Unable to locate element: {\"method\":\"css selector\",\"selector\":\"div.panel.window[style*='display: block']\"}\n  (Session info: chrome=129.0.6668.101)"}
{"level":"INFO","time":"2024-10-16T17:27:39.194+0800","caller":"service/listing.go:129","msg":"没有找到外层对话框容器元素，继续下一次查找:no such element: no such element: Unable to locate element: {\"method\":\"css selector\",\"selector\":\"div.panel.window[style*='display: block']\"}\n  (Session info: chrome=129.0.6668.101)"}
{"level":"INFO","time":"2024-10-16T17:27:39.717+0800","caller":"service/listing.go:129","msg":"没有找到外层对话框容器元素，继续下一次查找:no such element: no such element: Unable to locate element: {\"method\":\"css selector\",\"selector\":\"div.panel.window[style*='display: block']\"}\n  (Session info: chrome=129.0.6668.101)"}
{"level":"INFO","time":"2024-10-16T17:27:40.248+0800","caller":"service/listing.go:129","msg":"没有找到外层对话框容器元素，继续下一次查找:no such element: no such element: Unable to locate element: {\"method\":\"css selector\",\"selector\":\"div.panel.window[style*='display: block']\"}\n  (Session info: chrome=129.0.6668.101)"}
{"level":"INFO","time":"2024-10-16T17:27:40.758+0800","caller":"service/listing.go:129","msg":"没有找到外层对话框容器元素，继续下一次查找:no such element: no such element: Unable to locate element: {\"method\":\"css selector\",\"selector\":\"div.panel.window[style*='display: block']\"}\n  (Session info: chrome=129.0.6668.101)"}
{"level":"INFO","time":"2024-10-16T17:27:41.265+0800","caller":"service/listing.go:133","msg":"没有外层公告框"}
{"level":"INFO","time":"2024-10-16T17:27:41.384+0800","caller":"service/listing.go:151","msg":"没有找到内层对话框容器元素，继续下一次查找:no such element: no such element: Unable to locate element: {\"method\":\"css selector\",\"selector\":\"div.panel.window[style*='display: block']\"}\n  (Session info: chrome=129.0.6668.101)"}
{"level":"INFO","time":"2024-10-16T17:27:41.915+0800","caller":"service/listing.go:151","msg":"没有找到内层对话框容器元素，继续下一次查找:no such element: no such element: Unable to locate element: {\"method\":\"css selector\",\"selector\":\"div.panel.window[style*='display: block']\"}\n  (Session info: chrome=129.0.6668.101)"}
{"level":"INFO","time":"2024-10-16T17:27:42.453+0800","caller":"service/listing.go:151","msg":"没有找到内层对话框容器元素，继续下一次查找:no such element: no such element: Unable to locate element: {\"method\":\"css selector\",\"selector\":\"div.panel.window[style*='display: block']\"}\n  (Session info: chrome=129.0.6668.101)"}
{"level":"INFO","time":"2024-10-16T17:27:42.981+0800","caller":"service/listing.go:151","msg":"没有找到内层对话框容器元素，继续下一次查找:no such element: no such element: Unable to locate element: {\"method\":\"css selector\",\"selector\":\"div.panel.window[style*='display: block']\"}\n  (Session info: chrome=129.0.6668.101)"}
{"level":"INFO","time":"2024-10-16T17:27:43.494+0800","caller":"service/listing.go:151","msg":"没有找到内层对话框容器元素，继续下一次查找:no such element: no such element: Unable to locate element: {\"method\":\"css selector\",\"selector\":\"div.panel.window[style*='display: block']\"}\n  (Session info: chrome=129.0.6668.101)"}
{"level":"INFO","time":"2024-10-16T17:27:43.997+0800","caller":"service/listing.go:155","msg":"没有内层公告框"}
{"level":"INFO","time":"2024-10-16T17:28:01.347+0800","caller":"service/listing.go:274","msg":"找到closeButtonFlag元素"}
{"level":"INFO","time":"2024-10-16T17:28:02.254+0800","caller":"service/listing.go:323","msg":"保存成功"}
{"level":"INFO","time":"2024-10-16T17:28:02.880+0800","caller":"controller/sendWeChat.go:29","msg":"service.SendWeChatAlert success"}
{"level":"INFO","time":"2024-10-23T18:52:42.984+0800","caller":"logger/logger.go:34","msg":"init logger success"}
{"level":"INFO","time":"2024-10-23T18:53:20.289+0800","caller":"logger/logger.go:34","msg":"init logger success"}
{"level":"INFO","time":"2024-10-23T18:53:28.771+0800","caller":"service/listing.go:107","msg":"没有找到系统提醒框，继续下一次查找:no such element: no such element: Unable to locate element: {\"method\":\"css selector\",\"selector\":\"#messageWinBtn\"}\n  (Session info: chrome=130.0.6723.59)"}
{"level":"INFO","time":"2024-10-23T18:53:29.290+0800","caller":"service/listing.go:107","msg":"没有找到系统提醒框，继续下一次查找:no such element: no such element: Unable to locate element: {\"method\":\"css selector\",\"selector\":\"#messageWinBtn\"}\n  (Session info: chrome=130.0.6723.59)"}
{"level":"INFO","time":"2024-10-23T18:53:29.809+0800","caller":"service/listing.go:107","msg":"没有找到系统提醒框，继续下一次查找:no such element: no such element: Unable to locate element: {\"method\":\"css selector\",\"selector\":\"#messageWinBtn\"}\n  (Session info: chrome=130.0.6723.59)"}
{"level":"INFO","time":"2024-10-23T18:53:30.369+0800","caller":"service/listing.go:107","msg":"没有找到系统提醒框，继续下一次查找:no such element: no such element: Unable to locate element: {\"method\":\"css selector\",\"selector\":\"#messageWinBtn\"}\n  (Session info: chrome=130.0.6723.59)"}
{"level":"INFO","time":"2024-10-23T18:53:30.922+0800","caller":"service/listing.go:107","msg":"没有找到系统提醒框，继续下一次查找:no such element: no such element: Unable to locate element: {\"method\":\"css selector\",\"selector\":\"#messageWinBtn\"}\n  (Session info: chrome=130.0.6723.59)"}
{"level":"INFO","time":"2024-10-23T18:53:31.436+0800","caller":"service/listing.go:111","msg":"没有系统提示框"}
{"level":"ERROR","time":"2024-10-23T18:53:32.531+0800","caller":"service/listing.go:123","msg":"无法点击外层对话框按钮:<nil>"}
{"level":"ERROR","time":"2024-10-23T18:53:32.799+0800","caller":"service/listing.go:19","msg":"autoCheckListing返回error,执行第1次检测,err:element click intercepted: element click intercepted: Element <a href=\"javascript:void(0)\" class=\"btn-w ml10 msgBtn\">...</a> is not clickable at point (1368, 766). Other element would receive the click: <div class=\"window-mask\" style=\"width: 1920px; height: 901px; display: block; z-index: 9010;\"></div>\n  (Session info: chrome=130.0.6723.59)"}
{"level":"INFO","time":"2024-10-23T18:53:36.961+0800","caller":"service/listing.go:107","msg":"没有找到系统提醒框，继续下一次查找:no such element: no such element: Unable to locate element: {\"method\":\"css selector\",\"selector\":\"div.panel.window[style*='display: block']\"}\n  (Session info: chrome=130.0.6723.59)"}
{"level":"INFO","time":"2024-10-23T18:53:38.384+0800","caller":"service/listing.go:107","msg":"没有找到系统提醒框，继续下一次查找:no such element: no such element: Unable to locate element: {\"method\":\"css selector\",\"selector\":\"#messageWinBtn\"}\n  (Session info: chrome=130.0.6723.59)"}
{"level":"INFO","time":"2024-10-23T18:53:38.916+0800","caller":"service/listing.go:107","msg":"没有找到系统提醒框，继续下一次查找:no such element: no such element: Unable to locate element: {\"method\":\"css selector\",\"selector\":\"#messageWinBtn\"}\n  (Session info: chrome=130.0.6723.59)"}
{"level":"INFO","time":"2024-10-23T18:53:39.443+0800","caller":"service/listing.go:107","msg":"没有找到系统提醒框，继续下一次查找:no such element: no such element: Unable to locate element: {\"method\":\"css selector\",\"selector\":\"#messageWinBtn\"}\n  (Session info: chrome=130.0.6723.59)"}
{"level":"INFO","time":"2024-10-23T18:53:39.971+0800","caller":"service/listing.go:107","msg":"没有找到系统提醒框，继续下一次查找:no such element: no such element: Unable to locate element: {\"method\":\"css selector\",\"selector\":\"#messageWinBtn\"}\n  (Session info: chrome=130.0.6723.59)"}
{"level":"INFO","time":"2024-10-23T18:53:40.477+0800","caller":"service/listing.go:111","msg":"没有系统提示框"}
{"level":"ERROR","time":"2024-10-23T18:53:41.660+0800","caller":"service/listing.go:123","msg":"无法点击外层对话框按钮:<nil>"}
{"level":"ERROR","time":"2024-10-23T18:53:43.443+0800","caller":"service/listing.go:19","msg":"autoCheckListing返回error,执行第2次检测,err:element click intercepted: element click intercepted: Element <a href=\"javascript:void(0)\" class=\"btn-w ml10 msgBtn\">...</a> is not clickable at point (873, 766). Other element would receive the click: <div class=\"window-mask\" style=\"width: 929px; height: 873px; display: block; z-index: 9010;\"></div>\n  (Session info: chrome=130.0.6723.59)"}
{"level":"INFO","time":"2024-10-23T18:53:46.942+0800","caller":"service/listing.go:107","msg":"没有找到系统提醒框，继续下一次查找:no such element: no such element: Unable to locate element: {\"method\":\"css selector\",\"selector\":\"div.panel.window[style*='display: block']\"}\n  (Session info: chrome=130.0.6723.59)"}
{"level":"INFO","time":"2024-10-23T18:53:48.329+0800","caller":"service/listing.go:107","msg":"没有找到系统提醒框，继续下一次查找:no such element: no such element: Unable to locate element: {\"method\":\"css selector\",\"selector\":\"#messageWinBtn\"}\n  (Session info: chrome=130.0.6723.59)"}
{"level":"INFO","time":"2024-10-23T18:53:48.856+0800","caller":"service/listing.go:107","msg":"没有找到系统提醒框，继续下一次查找:no such element: no such element: Unable to locate element: {\"method\":\"css selector\",\"selector\":\"#messageWinBtn\"}\n  (Session info: chrome=130.0.6723.59)"}
{"level":"INFO","time":"2024-10-23T18:53:49.375+0800","caller":"service/listing.go:107","msg":"没有找到系统提醒框，继续下一次查找:no such element: no such element: Unable to locate element: {\"method\":\"css selector\",\"selector\":\"#messageWinBtn\"}\n  (Session info: chrome=130.0.6723.59)"}
{"level":"INFO","time":"2024-10-23T18:53:49.930+0800","caller":"service/listing.go:107","msg":"没有找到系统提醒框，继续下一次查找:no such element: no such element: Unable to locate element: {\"method\":\"css selector\",\"selector\":\"#messageWinBtn\"}\n  (Session info: chrome=130.0.6723.59)"}
{"level":"INFO","time":"2024-10-23T18:53:50.432+0800","caller":"service/listing.go:111","msg":"没有系统提示框"}
{"level":"ERROR","time":"2024-10-23T18:53:51.514+0800","caller":"service/listing.go:123","msg":"无法点击外层对话框按钮:<nil>"}
{"level":"ERROR","time":"2024-10-23T18:53:51.769+0800","caller":"service/listing.go:19","msg":"autoCheckListing返回error,执行第3次检测,err:element click intercepted: element click intercepted: Element <a href=\"javascript:void(0)\" class=\"btn-w ml10 msgBtn\">...</a> is not clickable at point (873, 766). Other element would receive the click: <div class=\"window-mask\" style=\"width: 929px; height: 873px; display: block; z-index: 9010;\"></div>\n  (Session info: chrome=130.0.6723.59)"}
{"level":"INFO","time":"2024-10-23T18:54:05.702+0800","caller":"service/listing.go:107","msg":"没有找到系统提醒框，继续下一次查找:no such element: no such element: Unable to locate element: {\"method\":\"css selector\",\"selector\":\"#messageWinBtn\"}\n  (Session info: chrome=130.0.6723.59)"}
{"level":"INFO","time":"2024-10-23T18:54:06.264+0800","caller":"service/listing.go:107","msg":"没有找到系统提醒框，继续下一次查找:no such element: no such element: Unable to locate element: {\"method\":\"css selector\",\"selector\":\"#messageWinBtn\"}\n  (Session info: chrome=130.0.6723.59)"}
{"level":"INFO","time":"2024-10-23T18:54:06.817+0800","caller":"service/listing.go:107","msg":"没有找到系统提醒框，继续下一次查找:no such element: no such element: Unable to locate element: {\"method\":\"css selector\",\"selector\":\"#messageWinBtn\"}\n  (Session info: chrome=130.0.6723.59)"}
{"level":"INFO","time":"2024-10-23T18:54:07.386+0800","caller":"service/listing.go:107","msg":"没有找到系统提醒框，继续下一次查找:no such element: no such element: Unable to locate element: {\"method\":\"css selector\",\"selector\":\"#messageWinBtn\"}\n  (Session info: chrome=130.0.6723.59)"}
{"level":"INFO","time":"2024-10-23T18:54:07.944+0800","caller":"service/listing.go:107","msg":"没有找到系统提醒框，继续下一次查找:no such element: no such element: Unable to locate element: {\"method\":\"css selector\",\"selector\":\"#messageWinBtn\"}\n  (Session info: chrome=130.0.6723.59)"}
{"level":"INFO","time":"2024-10-23T18:54:08.454+0800","caller":"service/listing.go:111","msg":"没有系统提示框"}
{"level":"ERROR","time":"2024-10-23T18:54:09.529+0800","caller":"service/listing.go:123","msg":"无法点击外层对话框按钮:<nil>"}
{"level":"ERROR","time":"2024-10-23T18:54:09.879+0800","caller":"service/listing.go:19","msg":"autoCheckListing返回error,执行第4次检测,err:element click intercepted: element click intercepted: Element <a href=\"javascript:void(0)\" class=\"btn-w ml10 msgBtn\">...</a> is not clickable at point (873, 766). Other element would receive the click: <div class=\"window-mask\" style=\"width: 929px; height: 873px; display: block; z-index: 9010;\"></div>\n  (Session info: chrome=130.0.6723.59)"}
{"level":"INFO","time":"2024-10-23T18:59:26.509+0800","caller":"logger/logger.go:34","msg":"init logger success"}
{"level":"INFO","time":"2024-10-23T19:00:38.437+0800","caller":"logger/logger.go:34","msg":"init logger success"}
{"level":"INFO","time":"2024-10-23T19:05:05.689+0800","caller":"logger/logger.go:34","msg":"init logger success"}
{"level":"INFO","time":"2024-10-23T19:12:48.613+0800","caller":"logger/logger.go:34","msg":"init logger success"}
{"level":"INFO","time":"2024-10-23T19:38:12.435+0800","caller":"logger/logger.go:34","msg":"init logger success"}
{"level":"INFO","time":"2024-10-23T19:38:24.126+0800","caller":"service/listing.go:101","msg":"没有找到系统提醒框，继续下一次查找:<nil>"}
{"level":"INFO","time":"2024-10-23T19:38:24.685+0800","caller":"service/listing.go:97","msg":"无法点击系统提醒框关闭按钮:element not interactable: element not interactable\n  (Session info: chrome=130.0.6723.59)"}
{"level":"ERROR","time":"2024-10-23T19:38:24.878+0800","caller":"service/listing.go:19","msg":"autoCheckListing返回error,执行第1次检测,err:element not interactable: element not interactable\n  (Session info: chrome=130.0.6723.59)"}
{"level":"INFO","time":"2024-10-23T19:38:30.006+0800","caller":"service/listing.go:101","msg":"没有找到系统提醒框，继续下一次查找:<nil>"}
{"level":"INFO","time":"2024-10-23T19:38:30.560+0800","caller":"service/listing.go:97","msg":"无法点击系统提醒框关闭按钮:element not interactable: element not interactable\n  (Session info: chrome=130.0.6723.59)"}
{"level":"ERROR","time":"2024-10-23T19:38:30.766+0800","caller":"service/listing.go:19","msg":"autoCheckListing返回error,执行第2次检测,err:element not interactable: element not interactable\n  (Session info: chrome=130.0.6723.59)"}
{"level":"INFO","time":"2024-10-23T19:38:34.370+0800","caller":"service/listing.go:101","msg":"没有找到系统提醒框，继续下一次查找:no such element: no such element: Unable to locate element: {\"method\":\"css selector\",\"selector\":\"#messageWinBtn\"}\n  (Session info: chrome=130.0.6723.59)"}
{"level":"INFO","time":"2024-10-23T19:38:35.655+0800","caller":"service/listing.go:101","msg":"没有找到系统提醒框，继续下一次查找:<nil>"}
{"level":"INFO","time":"2024-10-23T19:38:36.239+0800","caller":"service/listing.go:97","msg":"无法点击系统提醒框关闭按钮:element not interactable: element not interactable\n  (Session info: chrome=130.0.6723.59)"}
{"level":"ERROR","time":"2024-10-23T19:38:36.421+0800","caller":"service/listing.go:19","msg":"autoCheckListing返回error,执行第3次检测,err:element not interactable: element not interactable\n  (Session info: chrome=130.0.6723.59)"}
{"level":"INFO","time":"2024-10-23T19:38:41.435+0800","caller":"service/listing.go:101","msg":"没有找到系统提醒框，继续下一次查找:<nil>"}
{"level":"INFO","time":"2024-10-23T19:38:42.002+0800","caller":"service/listing.go:97","msg":"无法点击系统提醒框关闭按钮:element not interactable: element not interactable\n  (Session info: chrome=130.0.6723.59)"}
{"level":"ERROR","time":"2024-10-23T19:38:42.147+0800","caller":"service/listing.go:19","msg":"autoCheckListing返回error,执行第4次检测,err:element not interactable: element not interactable\n  (Session info: chrome=130.0.6723.59)"}
{"level":"INFO","time":"2024-10-23T19:38:46.504+0800","caller":"service/listing.go:101","msg":"没有找到系统提醒框，继续下一次查找:<nil>"}
{"level":"INFO","time":"2024-10-23T19:38:47.058+0800","caller":"service/listing.go:97","msg":"无法点击系统提醒框关闭按钮:element not interactable: element not interactable\n  (Session info: chrome=130.0.6723.59)"}
{"level":"ERROR","time":"2024-10-23T19:38:47.217+0800","caller":"service/listing.go:19","msg":"autoCheckListing返回error,执行第5次检测,err:element not interactable: element not interactable\n  (Session info: chrome=130.0.6723.59)"}
{"level":"INFO","time":"2024-10-23T19:38:51.978+0800","caller":"service/listing.go:101","msg":"没有找到系统提醒框，继续下一次查找:<nil>"}
{"level":"INFO","time":"2024-10-23T19:38:52.509+0800","caller":"service/listing.go:97","msg":"无法点击系统提醒框关闭按钮:element not interactable: element not interactable\n  (Session info: chrome=130.0.6723.59)"}
{"level":"ERROR","time":"2024-10-23T19:38:52.757+0800","caller":"service/listing.go:19","msg":"autoCheckListing返回error,执行第6次检测,err:element not interactable: element not interactable\n  (Session info: chrome=130.0.6723.59)"}
{"level":"INFO","time":"2024-10-23T19:38:58.025+0800","caller":"service/listing.go:101","msg":"没有找到系统提醒框，继续下一次查找:<nil>"}
{"level":"INFO","time":"2024-10-23T19:38:58.555+0800","caller":"service/listing.go:97","msg":"无法点击系统提醒框关闭按钮:element not interactable: element not interactable\n  (Session info: chrome=130.0.6723.59)"}
{"level":"ERROR","time":"2024-10-23T19:38:58.709+0800","caller":"service/listing.go:19","msg":"autoCheckListing返回error,执行第7次检测,err:element not interactable: element not interactable\n  (Session info: chrome=130.0.6723.59)"}
{"level":"INFO","time":"2024-10-23T19:39:36.813+0800","caller":"logger/logger.go:34","msg":"init logger success"}
{"level":"INFO","time":"2024-10-23T19:40:17.736+0800","caller":"logger/logger.go:34","msg":"init logger success"}
{"level":"INFO","time":"2024-10-23T19:41:34.016+0800","caller":"service/listing.go:101","msg":"没有找到系统提醒框，继续下一次查找:<nil>"}
{"level":"INFO","time":"2024-10-23T19:41:44.177+0800","caller":"service/listing.go:97","msg":"无法点击系统提醒框关闭按钮:element not interactable: element not interactable\n  (Session info: chrome=130.0.6723.59)"}
{"level":"ERROR","time":"2024-10-23T19:41:48.958+0800","caller":"service/listing.go:19","msg":"autoCheckListing返回error,执行第1次检测,err:element not interactable: element not interactable\n  (Session info: chrome=130.0.6723.59)"}
{"level":"INFO","time":"2024-10-23T19:45:14.455+0800","caller":"logger/logger.go:34","msg":"init logger success"}
{"level":"INFO","time":"2024-10-23T19:46:04.376+0800","caller":"service/listing.go:106","msg":"没有系统提示框"}
{"level":"INFO","time":"2024-10-23T19:46:04.441+0800","caller":"service/listing.go:129","msg":"没有外层公告框"}
{"level":"INFO","time":"2024-10-23T19:46:04.451+0800","caller":"service/listing.go:147","msg":"没有找到内层对话框容器元素，继续下一次查找:no such element: no such element: Unable to locate element: {\"method\":\"css selector\",\"selector\":\"div.panel.window[style*='display: block']\"}\n  (Session info: chrome=130.0.6723.59)"}
{"level":"INFO","time":"2024-10-23T19:46:04.999+0800","caller":"service/listing.go:147","msg":"没有找到内层对话框容器元素，继续下一次查找:no such element: no such element: Unable to locate element: {\"method\":\"css selector\",\"selector\":\"div.panel.window[style*='display: block']\"}\n  (Session info: chrome=130.0.6723.59)"}
{"level":"INFO","time":"2024-10-23T19:46:05.518+0800","caller":"service/listing.go:147","msg":"没有找到内层对话框容器元素，继续下一次查找:no such element: no such element: Unable to locate element: {\"method\":\"css selector\",\"selector\":\"div.panel.window[style*='display: block']\"}\n  (Session info: chrome=130.0.6723.59)"}
{"level":"INFO","time":"2024-10-23T19:46:06.050+0800","caller":"service/listing.go:147","msg":"没有找到内层对话框容器元素，继续下一次查找:no such element: no such element: Unable to locate element: {\"method\":\"css selector\",\"selector\":\"div.panel.window[style*='display: block']\"}\n  (Session info: chrome=130.0.6723.59)"}
{"level":"INFO","time":"2024-10-23T19:46:06.581+0800","caller":"service/listing.go:147","msg":"没有找到内层对话框容器元素，继续下一次查找:no such element: no such element: Unable to locate element: {\"method\":\"css selector\",\"selector\":\"div.panel.window[style*='display: block']\"}\n  (Session info: chrome=130.0.6723.59)"}
{"level":"INFO","time":"2024-10-23T19:46:07.082+0800","caller":"service/listing.go:151","msg":"没有内层公告框"}
{"level":"INFO","time":"2024-10-23T19:46:23.693+0800","caller":"service/listing.go:270","msg":"找到closeButtonFlag元素"}
{"level":"INFO","time":"2024-10-23T19:46:24.636+0800","caller":"service/listing.go:319","msg":"保存成功"}
{"level":"INFO","time":"2024-10-23T19:46:26.930+0800","caller":"controller/sendWeChat.go:29","msg":"service.SendWeChatAlert success"}
{"level":"INFO","time":"2024-10-23T19:47:50.541+0800","caller":"logger/logger.go:34","msg":"init logger success"}
{"level":"INFO","time":"2024-10-23T19:48:01.159+0800","caller":"service/listing.go:97","msg":"无法点击系统提醒框关闭按钮:element not interactable: element not interactable\n  (Session info: chrome=130.0.6723.59)"}
{"level":"ERROR","time":"2024-10-23T19:48:01.285+0800","caller":"service/listing.go:19","msg":"autoCheckListing返回error,执行第1次检测,err:element not interactable: element not interactable\n  (Session info: chrome=130.0.6723.59)"}
{"level":"INFO","time":"2024-10-23T19:48:06.410+0800","caller":"service/listing.go:143","msg":"没有找到内层对话框容器元素，继续下一次查找:no such element: no such element: Unable to locate element: {\"method\":\"css selector\",\"selector\":\"div.panel.window[style*='display: block']\"}\n  (Session info: chrome=130.0.6723.59)"}
{"level":"INFO","time":"2024-10-23T19:48:06.939+0800","caller":"service/listing.go:143","msg":"没有找到内层对话框容器元素，继续下一次查找:no such element: no such element: Unable to locate element: {\"method\":\"css selector\",\"selector\":\"div.panel.window[style*='display: block']\"}\n  (Session info: chrome=130.0.6723.59)"}
{"level":"INFO","time":"2024-10-23T19:48:07.471+0800","caller":"service/listing.go:143","msg":"没有找到内层对话框容器元素，继续下一次查找:no such element: no such element: Unable to locate element: {\"method\":\"css selector\",\"selector\":\"div.panel.window[style*='display: block']\"}\n  (Session info: chrome=130.0.6723.59)"}
{"level":"INFO","time":"2024-10-23T19:48:07.999+0800","caller":"service/listing.go:143","msg":"没有找到内层对话框容器元素，继续下一次查找:no such element: no such element: Unable to locate element: {\"method\":\"css selector\",\"selector\":\"div.panel.window[style*='display: block']\"}\n  (Session info: chrome=130.0.6723.59)"}
{"level":"INFO","time":"2024-10-23T19:48:08.512+0800","caller":"service/listing.go:143","msg":"没有找到内层对话框容器元素，继续下一次查找:no such element: no such element: Unable to locate element: {\"method\":\"css selector\",\"selector\":\"div.panel.window[style*='display: block']\"}\n  (Session info: chrome=130.0.6723.59)"}
{"level":"INFO","time":"2024-10-23T19:48:24.254+0800","caller":"service/listing.go:264","msg":"找到closeButtonFlag元素"}
{"level":"INFO","time":"2024-10-23T19:48:24.774+0800","caller":"service/listing.go:277","msg":"无法点击关闭不再提示按钮,尝试第1次关闭"}
{"level":"INFO","time":"2024-10-23T19:48:26.836+0800","caller":"service/listing.go:313","msg":"保存成功"}
{"level":"INFO","time":"2024-10-23T19:48:28.579+0800","caller":"controller/sendWeChat.go:29","msg":"service.SendWeChatAlert success"}
{"level":"INFO","time":"2024-10-23T19:48:54.831+0800","caller":"service/listing.go:264","msg":"找到closeButtonFlag元素"}
{"level":"INFO","time":"2024-10-23T19:48:58.131+0800","caller":"service/listing.go:313","msg":"保存成功"}
{"level":"INFO","time":"2024-10-23T19:48:58.852+0800","caller":"controller/sendWeChat.go:29","msg":"service.SendWeChatAlert success"}
{"level":"INFO","time":"2024-10-23T19:49:02.917+0800","caller":"service/listing.go:143","msg":"没有找到内层对话框容器元素，继续下一次查找:no such element: no such element: Unable to locate element: {\"method\":\"css selector\",\"selector\":\"div.panel.window[style*='display: block']\"}\n  (Session info: chrome=130.0.6723.59)"}
{"level":"INFO","time":"2024-10-23T19:49:03.448+0800","caller":"service/listing.go:143","msg":"没有找到内层对话框容器元素，继续下一次查找:no such element: no such element: Unable to locate element: {\"method\":\"css selector\",\"selector\":\"div.panel.window[style*='display: block']\"}\n  (Session info: chrome=130.0.6723.59)"}
{"level":"INFO","time":"2024-10-23T19:49:03.973+0800","caller":"service/listing.go:143","msg":"没有找到内层对话框容器元素，继续下一次查找:no such element: no such element: Unable to locate element: {\"method\":\"css selector\",\"selector\":\"div.panel.window[style*='display: block']\"}\n  (Session info: chrome=130.0.6723.59)"}
{"level":"INFO","time":"2024-10-23T19:49:04.531+0800","caller":"service/listing.go:143","msg":"没有找到内层对话框容器元素，继续下一次查找:no such element: no such element: Unable to locate element: {\"method\":\"css selector\",\"selector\":\"div.panel.window[style*='display: block']\"}\n  (Session info: chrome=130.0.6723.59)"}
{"level":"INFO","time":"2024-10-23T19:49:05.062+0800","caller":"service/listing.go:143","msg":"没有找到内层对话框容器元素，继续下一次查找:no such element: no such element: Unable to locate element: {\"method\":\"css selector\",\"selector\":\"div.panel.window[style*='display: block']\"}\n  (Session info: chrome=130.0.6723.59)"}
{"level":"INFO","time":"2024-10-23T19:49:21.677+0800","caller":"service/listing.go:264","msg":"找到closeButtonFlag元素"}
{"level":"INFO","time":"2024-10-23T19:49:22.470+0800","caller":"service/listing.go:313","msg":"保存成功"}
{"level":"INFO","time":"2024-10-23T19:49:23.247+0800","caller":"controller/sendWeChat.go:29","msg":"service.SendWeChatAlert success"}
{"level":"INFO","time":"2024-10-29T09:45:36.729+0800","caller":"logger/logger.go:34","msg":"init logger success"}
{"level":"INFO","time":"2024-10-29T09:47:07.524+0800","caller":"logger/logger.go:34","msg":"init logger success"}
{"level":"INFO","time":"2024-10-29T10:24:56.186+0800","caller":"logger/logger.go:34","msg":"init logger success"}
{"level":"INFO","time":"2024-10-29T10:26:18.264+0800","caller":"service/listing.go:143","msg":"没有找到内层对话框容器元素，继续下一次查找:no such element: no such element: Unable to locate element: {\"method\":\"css selector\",\"selector\":\"div.panel.window[style*='display: block']\"}\n  (Session info: chrome=130.0.6723.70)"}
{"level":"INFO","time":"2024-10-29T10:26:18.771+0800","caller":"service/listing.go:143","msg":"没有找到内层对话框容器元素，继续下一次查找:no such element: no such element: Unable to locate element: {\"method\":\"css selector\",\"selector\":\"div.panel.window[style*='display: block']\"}\n  (Session info: chrome=130.0.6723.70)"}
{"level":"INFO","time":"2024-10-29T10:26:19.288+0800","caller":"service/listing.go:143","msg":"没有找到内层对话框容器元素，继续下一次查找:no such element: no such element: Unable to locate element: {\"method\":\"css selector\",\"selector\":\"div.panel.window[style*='display: block']\"}\n  (Session info: chrome=130.0.6723.70)"}
{"level":"INFO","time":"2024-10-29T10:26:19.811+0800","caller":"service/listing.go:143","msg":"没有找到内层对话框容器元素，继续下一次查找:no such element: no such element: Unable to locate element: {\"method\":\"css selector\",\"selector\":\"div.panel.window[style*='display: block']\"}\n  (Session info: chrome=130.0.6723.70)"}
{"level":"INFO","time":"2024-10-29T10:26:20.351+0800","caller":"service/listing.go:143","msg":"没有找到内层对话框容器元素，继续下一次查找:no such element: no such element: Unable to locate element: {\"method\":\"css selector\",\"selector\":\"div.panel.window[style*='display: block']\"}\n  (Session info: chrome=130.0.6723.70)"}
{"level":"INFO","time":"2024-10-29T10:26:38.259+0800","caller":"service/listing.go:264","msg":"找到closeButtonFlag元素"}
{"level":"INFO","time":"2024-10-29T10:26:39.578+0800","caller":"service/listing.go:313","msg":"保存成功"}
{"level":"INFO","time":"2024-10-29T10:26:40.585+0800","caller":"controller/sendWeChat.go:29","msg":"service.SendWeChatAlert success"}
{"level":"INFO","time":"2024-10-29T10:27:04.268+0800","caller":"service/listing.go:143","msg":"没有找到内层对话框容器元素，继续下一次查找:no such element: no such element: Unable to locate element: {\"method\":\"css selector\",\"selector\":\"div.panel.window[style*='display: block']\"}\n  (Session info: chrome=130.0.6723.70)"}
{"level":"INFO","time":"2024-10-29T10:27:04.787+0800","caller":"service/listing.go:143","msg":"没有找到内层对话框容器元素，继续下一次查找:no such element: no such element: Unable to locate element: {\"method\":\"css selector\",\"selector\":\"div.panel.window[style*='display: block']\"}\n  (Session info: chrome=130.0.6723.70)"}
{"level":"INFO","time":"2024-10-29T10:27:05.306+0800","caller":"service/listing.go:143","msg":"没有找到内层对话框容器元素，继续下一次查找:no such element: no such element: Unable to locate element: {\"method\":\"css selector\",\"selector\":\"div.panel.window[style*='display: block']\"}\n  (Session info: chrome=130.0.6723.70)"}
{"level":"INFO","time":"2024-10-29T10:27:05.823+0800","caller":"service/listing.go:143","msg":"没有找到内层对话框容器元素，继续下一次查找:no such element: no such element: Unable to locate element: {\"method\":\"css selector\",\"selector\":\"div.panel.window[style*='display: block']\"}\n  (Session info: chrome=130.0.6723.70)"}
{"level":"INFO","time":"2024-10-29T10:27:06.356+0800","caller":"service/listing.go:143","msg":"没有找到内层对话框容器元素，继续下一次查找:no such element: no such element: Unable to locate element: {\"method\":\"css selector\",\"selector\":\"div.panel.window[style*='display: block']\"}\n  (Session info: chrome=130.0.6723.70)"}
{"level":"INFO","time":"2024-10-29T10:27:25.416+0800","caller":"service/listing.go:264","msg":"找到closeButtonFlag元素"}
{"level":"INFO","time":"2024-10-29T10:27:26.264+0800","caller":"service/listing.go:313","msg":"保存成功"}
{"level":"INFO","time":"2024-10-29T10:27:27.000+0800","caller":"controller/sendWeChat.go:29","msg":"service.SendWeChatAlert success"}
{"level":"INFO","time":"2024-10-29T10:28:09.588+0800","caller":"service/listing.go:264","msg":"找到closeButtonFlag元素"}
{"level":"INFO","time":"2024-10-29T10:28:11.116+0800","caller":"service/listing.go:313","msg":"保存成功"}
{"level":"INFO","time":"2024-10-29T10:28:11.900+0800","caller":"controller/sendWeChat.go:29","msg":"service.SendWeChatAlert success"}
{"level":"INFO","time":"2024-10-29T16:50:48.380+0800","caller":"logger/logger.go:34","msg":"init logger success"}
{"level":"INFO","time":"2024-10-29T16:52:32.298+0800","caller":"logger/logger.go:34","msg":"init logger success"}
{"level":"INFO","time":"2024-10-29T17:24:59.830+0800","caller":"logger/logger.go:34","msg":"init logger success"}
{"level":"INFO","time":"2024-10-29T17:37:58.877+0800","caller":"logger/logger.go:34","msg":"init logger success"}
{"level":"INFO","time":"2024-10-29T17:52:11.626+0800","caller":"logger/logger.go:34","msg":"init logger success"}
{"level":"INFO","time":"2024-10-29T17:58:28.682+0800","caller":"logger/logger.go:34","msg":"init logger success"}
{"level":"INFO","time":"2024-10-29T18:02:04.790+0800","caller":"logger/logger.go:34","msg":"init logger success"}
{"level":"INFO","time":"2024-10-29T18:05:41.164+0800","caller":"logger/logger.go:34","msg":"init logger success"}
{"level":"INFO","time":"2024-10-29T18:06:18.373+0800","caller":"logger/logger.go:34","msg":"init logger success"}
{"level":"INFO","time":"2024-10-29T18:06:44.083+0800","caller":"logger/logger.go:34","msg":"init logger success"}
{"level":"INFO","time":"2024-10-30T17:48:04.555+0800","caller":"logger/logger.go:34","msg":"init logger success"}
{"level":"INFO","time":"2024-10-30T17:49:48.405+0800","caller":"logger/logger.go:34","msg":"init logger success"}
{"level":"INFO","time":"2024-10-30T17:51:43.968+0800","caller":"logger/logger.go:34","msg":"init logger success"}
{"level":"INFO","time":"2024-10-30T17:52:20.158+0800","caller":"logger/logger.go:34","msg":"init logger success"}
{"level":"INFO","time":"2024-10-30T18:09:07.867+0800","caller":"logger/logger.go:34","msg":"init logger success"}
{"level":"INFO","time":"2024-10-30T18:11:26.696+0800","caller":"logger/logger.go:34","msg":"init logger success"}
{"level":"INFO","time":"2024-10-30T18:11:58.030+0800","caller":"logger/logger.go:34","msg":"init logger success"}
{"level":"INFO","time":"2024-10-30T18:12:42.646+0800","caller":"logger/logger.go:34","msg":"init logger success"}
{"level":"INFO","time":"2024-10-30T20:45:39.468+0800","caller":"logger/logger.go:34","msg":"init logger success"}
{"level":"INFO","time":"2024-10-30T20:45:58.843+0800","caller":"logger/logger.go:34","msg":"init logger success"}
{"level":"INFO","time":"2024-10-30T20:48:23.897+0800","caller":"logger/logger.go:34","msg":"init logger success"}
{"level":"INFO","time":"2024-10-30T20:49:48.236+0800","caller":"logger/logger.go:34","msg":"init logger success"}
{"level":"ERROR","time":"2024-10-30T20:49:50.267+0800","caller":"controller/executeSSH.go:21","msg":"invalid param,err:json: Unmarshal(non-pointer model.ParamSSHConfig)"}
{"level":"INFO","time":"2024-10-30T20:51:34.200+0800","caller":"logger/logger.go:34","msg":"init logger success"}
{"level":"ERROR","time":"2024-10-30T20:51:38.538+0800","caller":"sshNewClient/sshNewClient.go:16","msg":"failed to read private key:open : The system cannot find the file specified."}
{"level":"INFO","time":"2024-10-30T20:52:12.778+0800","caller":"logger/logger.go:34","msg":"init logger success"}
{"level":"ERROR","time":"2024-10-30T20:52:14.633+0800","caller":"sshNewClient/sshNewClient.go:16","msg":"failed to read private key:open : The system cannot find the file specified."}
{"level":"INFO","time":"2024-10-30T20:52:40.162+0800","caller":"logger/logger.go:34","msg":"init logger success"}
{"level":"ERROR","time":"2024-10-30T20:52:42.088+0800","caller":"sshNewClient/sshNewClient.go:16","msg":"failed to read private key:open : The system cannot find the file specified."}
{"level":"INFO","time":"2024-10-30T20:55:50.277+0800","caller":"logger/logger.go:34","msg":"init logger success"}
{"level":"INFO","time":"2024-10-30T20:56:07.150+0800","caller":"logger/logger.go:34","msg":"init logger success"}
{"level":"ERROR","time":"2024-10-30T20:56:16.803+0800","caller":"sshNewClient/sshNewClient.go:16","msg":"failed to read private key:open : The system cannot find the file specified."}
{"level":"INFO","time":"2024-10-30T20:58:10.895+0800","caller":"logger/logger.go:34","msg":"init logger success"}
{"level":"ERROR","time":"2024-10-30T20:58:18.809+0800","caller":"sshNewClient/sshNewClient.go:35","msg":"ssh.Dial faield,err:dial tcp: lookup tomcat@172.16.60.1: getaddrinfow: A non-recoverable error occurred during a database lookup."}
{"level":"INFO","time":"2024-10-30T20:59:18.012+0800","caller":"logger/logger.go:34","msg":"init logger success"}
{"level":"ERROR","time":"2024-10-30T20:59:19.920+0800","caller":"sshNewClient/sshNewClient.go:35","msg":"ssh.Dial faield,err:dial tcp: lookup tomcat@172.16.60.1: getaddrinfow: A non-recoverable error occurred during a database lookup."}
{"level":"INFO","time":"2024-10-30T20:59:56.149+0800","caller":"logger/logger.go:34","msg":"init logger success"}
{"level":"INFO","time":"2024-10-30T21:00:17.631+0800","caller":"logger/logger.go:34","msg":"init logger success"}
{"level":"INFO","time":"2024-10-31T09:32:31.995+0800","caller":"logger/logger.go:34","msg":"init logger success"}
{"level":"INFO","time":"2024-10-31T09:36:45.141+0800","caller":"logger/logger.go:34","msg":"init logger success"}
{"level":"INFO","time":"2024-10-31T09:45:30.654+0800","caller":"logger/logger.go:34","msg":"init logger success"}
{"level":"INFO","time":"2024-10-31T09:54:18.073+0800","caller":"logger/logger.go:34","msg":"init logger success"}
{"level":"INFO","time":"2024-10-31T10:06:37.538+0800","caller":"logger/logger.go:34","msg":"init logger success"}
{"level":"INFO","time":"2024-10-31T10:07:05.593+0800","caller":"logger/logger.go:34","msg":"init logger success"}
{"level":"INFO","time":"2024-10-31T10:07:44.629+0800","caller":"logger/logger.go:34","msg":"init logger success"}
{"level":"INFO","time":"2024-10-31T10:33:32.404+0800","caller":"logger/logger.go:34","msg":"init logger success"}
{"level":"ERROR","time":"2024-10-31T10:33:37.222+0800","caller":"pkg/sshNewClient.go:54","msg":"session.Run failed,err:Process exited with status 127"}
{"level":"INFO","time":"2024-10-31T10:34:16.381+0800","caller":"logger/logger.go:34","msg":"init logger success"}
{"level":"ERROR","time":"2024-10-31T10:34:19.733+0800","caller":"pkg/sshNewClient.go:54","msg":"session.Run failed,err:Process exited with status 127"}
{"level":"INFO","time":"2024-10-31T10:35:08.935+0800","caller":"logger/logger.go:34","msg":"init logger success"}
{"level":"INFO","time":"2024-10-31T10:36:07.982+0800","caller":"logger/logger.go:34","msg":"init logger success"}
{"level":"ERROR","time":"2024-10-31T10:36:23.807+0800","caller":"pkg/sshNewClient.go:54","msg":"session.Run failed,err:Process exited with status 127"}
{"level":"INFO","time":"2024-10-31T10:37:18.074+0800","caller":"logger/logger.go:34","msg":"init logger success"}
{"level":"INFO","time":"2024-10-31T10:37:48.728+0800","caller":"logger/logger.go:34","msg":"init logger success"}
{"level":"ERROR","time":"2024-10-31T10:38:52.814+0800","caller":"pkg/sshNewClient.go:54","msg":"session.Run failed,err:Process exited with status 127"}
{"level":"INFO","time":"2024-10-31T10:39:46.509+0800","caller":"logger/logger.go:34","msg":"init logger success"}
{"level":"INFO","time":"2024-10-31T10:40:00.965+0800","caller":"logger/logger.go:34","msg":"init logger success"}
{"level":"INFO","time":"2024-10-31T11:08:17.597+0800","caller":"logger/logger.go:34","msg":"init logger success"}
{"level":"INFO","time":"2024-10-31T11:08:50.109+0800","caller":"logger/logger.go:34","msg":"init logger success"}
{"level":"INFO","time":"2024-10-31T11:09:47.300+0800","caller":"logger/logger.go:34","msg":"init logger success"}
{"level":"ERROR","time":"2024-10-31T11:10:07.987+0800","caller":"sshNewClient/sshNewClient.go:54","msg":"session.Run failed,err:Process exited with status 127"}
{"level":"ERROR","time":"2024-10-31T11:10:07.988+0800","caller":"controller/executeSSH.go:24","msg":"service.ErpRestart failed,err:Process exited with status 127"}
{"level":"INFO","time":"2024-10-31T11:11:06.682+0800","caller":"logger/logger.go:34","msg":"init logger success"}
{"level":"INFO","time":"2024-10-31T11:11:28.092+0800","caller":"logger/logger.go:34","msg":"init logger success"}
{"level":"INFO","time":"2024-10-31T11:13:12.783+0800","caller":"logger/logger.go:34","msg":"init logger success"}
{"level":"INFO","time":"2024-10-31T11:13:29.957+0800","caller":"logger/logger.go:34","msg":"init logger success"}
{"level":"INFO","time":"2024-10-31T11:47:10.393+0800","caller":"logger/logger.go:34","msg":"init logger success"}
{"level":"INFO","time":"2024-10-31T11:47:34.885+0800","caller":"logger/logger.go:34","msg":"init logger success"}
{"level":"INFO","time":"2024-10-31T11:57:29.079+0800","caller":"logger/logger.go:34","msg":"init logger success"}
{"level":"INFO","time":"2024-10-31T12:00:09.157+0800","caller":"logger/logger.go:34","msg":"init logger success"}
{"level":"INFO","time":"2024-10-31T13:35:21.883+0800","caller":"logger/logger.go:34","msg":"init logger success"}
{"level":"INFO","time":"2024-10-31T13:46:11.120+0800","caller":"logger/logger.go:34","msg":"init logger success"}
{"level":"INFO","time":"2024-10-31T13:50:51.287+0800","caller":"logger/logger.go:34","msg":"init logger success"}
{"level":"INFO","time":"2024-10-31T13:55:19.247+0800","caller":"logger/logger.go:34","msg":"init logger success"}
{"level":"INFO","time":"2024-10-31T13:56:53.930+0800","caller":"logger/logger.go:34","msg":"init logger success"}
{"level":"INFO","time":"2024-10-31T15:50:36.908+0800","caller":"logger/logger.go:34","msg":"init logger success"}
{"level":"INFO","time":"2024-10-31T15:54:32.263+0800","caller":"logger/logger.go:34","msg":"init logger success"}
{"level":"INFO","time":"2024-10-31T15:56:18.305+0800","caller":"logger/logger.go:34","msg":"init logger success"}
{"level":"INFO","time":"2024-10-31T15:57:08.574+0800","caller":"logger/logger.go:34","msg":"init logger success"}
{"level":"INFO","time":"2024-10-31T16:20:17.316+0800","caller":"logger/logger.go:34","msg":"init logger success"}
{"level":"INFO","time":"2024-10-31T17:06:47.294+0800","caller":"logger/logger.go:34","msg":"init logger success"}
{"level":"INFO","time":"2024-10-31T17:07:37.972+0800","caller":"logger/logger.go:34","msg":"init logger success"}
{"level":"INFO","time":"2024-10-31T17:08:12.119+0800","caller":"logger/logger.go:34","msg":"init logger success"}
{"level":"INFO","time":"2024-10-31T17:08:40.491+0800","caller":"logger/logger.go:34","msg":"init logger success"}
{"level":"INFO","time":"2024-10-31T17:09:03.807+0800","caller":"logger/logger.go:34","msg":"init logger success"}
{"level":"INFO","time":"2024-10-31T17:09:21.694+0800","caller":"logger/logger.go:34","msg":"init logger success"}
{"level":"INFO","time":"2024-10-31T17:11:08.482+0800","caller":"service/executeSSH.go:46","msg":"Response from command execution :%s\nPLAY [change jboss & sdk status] ***********************************************\n\nTASK [Gathering Facts] *********************************************************\nok: [17Market]\n\nTASK [stop_start_jboss_sdk : restart jboss] ************************************\nchanged: [17Market]\n\nPLAY RECAP *********************************************************************\n17Market                   : ok=2    changed=1    unreachable=0    failed=0   \n\n"}
{"level":"INFO","time":"2024-10-31T17:11:49.874+0800","caller":"logger/logger.go:34","msg":"init logger success"}
{"level":"ERROR","time":"2024-10-31T17:12:16.450+0800","caller":"service/executeSSH.go:100","msg":"task with ID 1 not found"}
{"level":"INFO","time":"2024-10-31T17:12:45.024+0800","caller":"logger/logger.go:34","msg":"init logger success"}
{"level":"INFO","time":"2024-10-31T17:15:33.778+0800","caller":"logger/logger.go:34","msg":"init logger success"}
{"level":"INFO","time":"2024-10-31T17:15:50.609+0800","caller":"service/executeSSH.go:46","msg":"Response from command execution :%s\nPLAY [change jboss & sdk status] ***********************************************\n\nTASK [Gathering Facts] *********************************************************\nok: [17Market]\n\nTASK [stop_start_jboss_sdk : restart jboss] ************************************\nchanged: [17Market]\n\nPLAY RECAP *********************************************************************\n17Market                   : ok=2    changed=1    unreachable=0    failed=0   \n\n"}
{"level":"INFO","time":"2024-10-31T17:19:53.244+0800","caller":"service/executeSSH.go:46","msg":"Response from command execution :%s\n\u001b[34m Jboss start error log count \u001b[0m\nTotal Host Count: (1)\n-------------------------------------------------------------------\n\u001b[32m[17Market]                    0\u001b[0m\n-------------------------------------------------------------------\nResult Host Count: (1)\n\n"}
{"level":"INFO","time":"2024-10-31T17:26:17.496+0800","caller":"logger/logger.go:34","msg":"init logger success"}
{"level":"INFO","time":"2024-10-31T17:27:44.333+0800","caller":"logger/logger.go:34","msg":"init logger success"}
{"level":"INFO","time":"2024-10-31T17:43:54.180+0800","caller":"logger/logger.go:34","msg":"init logger success"}
{"level":"INFO","time":"2024-10-31T17:44:30.192+0800","caller":"logger/logger.go:34","msg":"init logger success"}
